[INFO ] 2021-07-12 03:43:41.972 [TestNG-tests-1] BaseClass - This test is on: chrome browser
[INFO ] 2021-07-12 03:43:43.120 [TestNG-tests-2] BaseClass - This test is on: edge browser
[INFO ] 2021-07-12 03:43:47.621 [TestNG-tests-1] BaseClass - URL is Opened
[INFO ] 2021-07-12 03:43:49.601 [TestNG-tests-2] BaseClass - URL is Opened
[INFO ] 2021-07-12 03:43:49.840 [TestNG-tests-1] BaseClass - username entered
[INFO ] 2021-07-12 03:43:49.931 [TestNG-tests-2] BaseClass - username entered
[INFO ] 2021-07-12 03:43:50.073 [TestNG-tests-1] BaseClass - password entered 
[INFO ] 2021-07-12 03:43:50.142 [TestNG-tests-2] BaseClass - password entered 
[WARN ] 2021-07-12 03:43:52.921 [TestNG-tests-1] BaseClass - expected title not matched with the actual title
[ERROR] 2021-07-12 03:43:52.922 [TestNG-tests-1] BaseClass - login test failed
[INFO ] 2021-07-12 03:43:55.523 [TestNG-tests-1] BaseClass - This test is on: chrome browser
[INFO ] 2021-07-12 03:43:57.170 [TestNG-tests-2] BaseClass - This test is on: edge browser
[INFO ] 2021-07-12 03:44:01.116 [TestNG-tests-1] BaseClass - URL is Opened
[INFO ] 2021-07-12 03:44:01.445 [TestNG-tests-2] BaseClass - URL is Opened
[INFO ] 2021-07-12 03:44:02.983 [TestNG-tests-2] BaseClass - user name provided
[INFO ] 2021-07-12 03:44:03.036 [TestNG-tests-1] BaseClass - user name provided
[INFO ] 2021-07-12 03:44:03.174 [TestNG-tests-2] BaseClass - password provided
[INFO ] 2021-07-12 03:44:03.217 [TestNG-tests-1] BaseClass - password provided
[INFO ] 2021-07-12 03:44:06.930 [TestNG-tests-1] BaseClass - user name provided
[INFO ] 2021-07-12 03:44:07.137 [TestNG-tests-1] BaseClass - password provided
[INFO ] 2021-07-12 03:44:07.142 [TestNG-tests-2] BaseClass - Login passed
[INFO ] 2021-07-12 03:44:17.405 [TestNG-tests-1] BaseClass - Login passed
[INFO ] 2021-07-12 03:44:24.870 [TestNG-tests-2] BaseClass - This test is on: edge browser
[INFO ] 2021-07-12 03:44:29.099 [TestNG-tests-2] BaseClass - URL is Opened
[INFO ] 2021-07-12 03:44:29.255 [TestNG-tests-2] BaseClass - User name is provided
[INFO ] 2021-07-12 03:44:29.416 [TestNG-tests-2] BaseClass - Passsword is provided
[INFO ] 2021-07-12 03:44:35.470 [TestNG-tests-2] BaseClass - providing customer details....
[INFO ] 2021-07-12 03:44:40.280 [TestNG-tests-2] BaseClass - customer details are added
[INFO ] 2021-07-12 03:44:45.292 [TestNG-tests-2] BaseClass - validation started....
